<?xml version="1.0" encoding="UTF-8"?>
<!-- Generated by org.testng.reporters.JUnitReportReporter -->
<testsuite hostname="Raitas_PC" failures="0" tests="1" name="aPack.Oneclass" time="0.008" errors="0" timestamp="2023-10-01T22:25:22 CDT" skipped="0">
  <testcase classname="aPack.Oneclass" name="testOne" time="0.008"/>
  <system-out/>
</testsuite> <!-- aPack.Oneclass -->
