<?xml version="1.0" encoding="UTF-8"?>
<!-- Generated by org.testng.reporters.JUnitReportReporter -->
<testsuite hostname="Raitas_PC" failures="0" tests="3" name="dataProvider.DataDriven" time="0.014" errors="0" timestamp="2023-10-04T14:10:41 CDT" skipped="0">
  <testcase classname="dataProvider.DataDriven" name="loginTest" time="0.001"/>
  <system-out/>
  <testcase classname="dataProvider.DataDriven" name="loginTest" time="0.001"/>
  <system-out/>
  <testcase classname="dataProvider.DataDriven" name="loginTest" time="0.012"/>
  <system-out/>
</testsuite> <!-- dataProvider.DataDriven -->
