<?xml version="1.0" encoding="UTF-8"?>
<!-- Generated by org.testng.reporters.JUnitReportReporter -->
<testsuite hostname="Raitas_PC" failures="0" tests="4" name="onePack.Oneclass" time="23.650" errors="0" timestamp="2023-10-04T14:06:23 CDT" skipped="0">
  <testcase classname="onePack.Oneclass" name="testOneA" time="8.055"/>
  <system-out/>
  <testcase classname="onePack.Oneclass" name="testOneC" time="5.205"/>
  <system-out/>
  <testcase classname="onePack.Oneclass" name="testOneD" time="5.185"/>
  <system-out/>
  <testcase classname="onePack.Oneclass" name="testOneB" time="5.205"/>
  <system-out/>
</testsuite> <!-- onePack.Oneclass -->
