<?xml version="1.0" encoding="UTF-8"?>
<!-- Generated by org.testng.reporters.JUnitReportReporter -->
<testsuite hostname="Raitas_PC" failures="0" tests="1" name="onePack.Twoclass" time="0.019" errors="0" timestamp="2023-10-04T01:13:54 CDT" skipped="0">
  <testcase classname="onePack.Twoclass" name="testTwo" time="0.019"/>
  <system-out/>
</testsuite> <!-- onePack.Twoclass -->
