<?xml version="1.0" encoding="UTF-8"?>
<!-- Generated by org.testng.reporters.JUnitReportReporter -->
<testsuite hostname="Raitas_PC" failures="0" tests="4" name="threePack.Sevenclass" time="24.463" errors="0" timestamp="2023-10-04T01:13:54 CDT" skipped="0">
  <testcase classname="threePack.Sevenclass" name="testSevenD" time="6.058"/>
  <system-out/>
  <testcase classname="threePack.Sevenclass" name="testSevenC" time="5.412"/>
  <system-out/>
  <testcase classname="threePack.Sevenclass" name="testSevenB" time="5.354"/>
  <system-out/>
  <testcase classname="threePack.Sevenclass" name="testSevenA" time="7.639"/>
  <system-out/>
</testsuite> <!-- threePack.Sevenclass -->
