<?xml version="1.0" encoding="UTF-8"?>
<!-- Generated by org.testng.reporters.JUnitReportReporter -->
<testsuite hostname="Raitas_PC" failures="0" tests="1" name="onePack.Threeclass" time="0.001" errors="0" timestamp="2023-10-04T01:13:54 CDT" skipped="0">
  <testcase classname="onePack.Threeclass" name="testThree" time="0.001"/>
  <system-out/>
</testsuite> <!-- onePack.Threeclass -->
